2023-05-31 16:44:46.893 [info] Extension host with pid 2819 started
2023-05-31 16:44:50.628 [info] ExtensionService#_doActivateExtension vscode.emmet, startup: false, activationEvent: 'onLanguage'
2023-05-31 16:44:50.690 [info] ExtensionService#_doActivateExtension vscode.github-authentication, startup: false, activationEvent: 'onAuthenticationRequest:github'
2023-05-31 16:44:50.804 [info] ExtensionService#_doActivateExtension vscode.git-base, startup: true, activationEvent: '*', root cause: vscode.git
2023-05-31 16:44:50.804 [info] ExtensionService#_doActivateExtension oderwat.indent-rainbow, startup: true, activationEvent: '*'
2023-05-31 16:44:51.677 [info] ExtensionService#_doActivateExtension vscode.git, startup: true, activationEvent: '*'
2023-05-31 16:44:51.678 [info] ExtensionService#_doActivateExtension vscode.github, startup: true, activationEvent: '*'
2023-05-31 16:44:51.702 [info] ExtensionService#_doActivateExtension vscode.microsoft-authentication, startup: false, activationEvent: 'onAuthenticationRequest:microsoft'
2023-05-31 16:44:53.067 [info] Eager extensions activated
2023-05-31 16:44:53.290 [info] ExtensionService#_doActivateExtension vscode.debug-auto-launch, startup: false, activationEvent: 'onStartupFinished'
2023-05-31 16:44:53.291 [info] ExtensionService#_doActivateExtension vscode.merge-conflict, startup: false, activationEvent: 'onStartupFinished'
2023-05-31 16:44:53.292 [info] ExtensionService#_doActivateExtension ms-vsliveshare.vsliveshare, startup: false, activationEvent: 'onStartupFinished'
2023-05-31 16:44:53.844 [info] ExtensionService#_doActivateExtension shardulm94.trailing-spaces, startup: false, activationEvent: 'onStartupFinished'
2023-05-31 16:46:02.673 [info] ExtensionService#_doActivateExtension vscode.npm, startup: false, activationEvent: 'onTerminalQuickFixRequest:ms-vscode.npm-command'
2023-05-31 17:28:03.370 [info] Extension host terminating: renderer closed the MessagePort
2023-05-31 17:28:03.429 [info] Extension host with pid 2819 exiting with code 0
2023-05-31 17:28:06.483 [info] Extension host with pid 3564 started
2023-05-31 17:28:06.483 [info] Skipping acquiring lock for /home/chachahime0729/.config/Code/User/workspaceStorage/420c1513ee81edf4a25a615fc58fee1c.
2023-05-31 17:28:06.948 [info] ExtensionService#_doActivateExtension vscode.git-base, startup: true, activationEvent: '*', root cause: vscode.git
2023-05-31 17:28:06.949 [info] ExtensionService#_doActivateExtension oderwat.indent-rainbow, startup: true, activationEvent: '*'
2023-05-31 17:28:07.363 [info] ExtensionService#_doActivateExtension vscode.git, startup: true, activationEvent: '*'
2023-05-31 17:28:07.383 [info] ExtensionService#_doActivateExtension vscode.github, startup: true, activationEvent: '*'
2023-05-31 17:28:07.547 [info] ExtensionService#_doActivateExtension vscode.github-authentication, startup: false, activationEvent: 'onAuthenticationRequest:github'
2023-05-31 17:28:08.264 [info] Eager extensions activated
2023-05-31 17:28:08.446 [info] ExtensionService#_doActivateExtension vscode.debug-auto-launch, startup: false, activationEvent: 'onStartupFinished'
2023-05-31 17:28:08.453 [info] ExtensionService#_doActivateExtension vscode.merge-conflict, startup: false, activationEvent: 'onStartupFinished'
2023-05-31 17:28:08.453 [info] ExtensionService#_doActivateExtension ms-vsliveshare.vsliveshare, startup: false, activationEvent: 'onStartupFinished'
2023-05-31 17:28:08.941 [info] ExtensionService#_doActivateExtension shardulm94.trailing-spaces, startup: false, activationEvent: 'onStartupFinished'
2023-05-31 17:28:09.926 [warning] [Decorations] CAPPING events from decorations provider vscode.git 2571
2023-05-31 17:28:11.147 [info] ExtensionService#_doActivateExtension vscode.microsoft-authentication, startup: false, activationEvent: 'onAuthenticationRequest:microsoft'
2023-05-31 17:28:11.414 [warning] [Decorations] CAPPING events from decorations provider vscode.git 2571
2023-05-31 17:28:14.045 [warning] [Decorations] CAPPING events from decorations provider vscode.git 2571
2023-05-31 17:28:18.335 [info] ExtensionService#_doActivateExtension vscode.json-language-features, startup: false, activationEvent: 'onLanguage:jsonc'
2023-05-31 17:28:18.336 [info] ExtensionService#_doActivateExtension vscode.typescript-language-features, startup: false, activationEvent: 'onLanguage:jsonc'
2023-05-31 17:28:18.353 [info] ExtensionService#_doActivateExtension vscode.emmet, startup: false, activationEvent: 'onLanguage'
2023-05-31 17:28:19.206 [warning] [Decorations] CAPPING events from decorations provider vscode.git 2573
2023-05-31 17:28:24.335 [warning] [Decorations] CAPPING events from decorations provider vscode.git 2573
2023-05-31 17:28:29.570 [warning] [Decorations] CAPPING events from decorations provider vscode.git 2573
2023-05-31 17:28:34.812 [warning] [Decorations] CAPPING events from decorations provider vscode.git 2573
2023-05-31 17:28:41.995 [warning] [Decorations] CAPPING events from decorations provider vscode.git 2573
2023-05-31 17:28:47.161 [warning] [Decorations] CAPPING events from decorations provider vscode.git 2573
