2023-05-31 16:22:03.011 [info] Extension host with pid 426 started
2023-05-31 16:22:05.005 [info] ExtensionService#_doActivateExtension vscode.emmet, startup: false, activationEvent: 'onLanguage'
2023-05-31 16:22:05.018 [info] ExtensionService#_doActivateExtension vscode.github-authentication, startup: false, activationEvent: 'onAuthenticationRequest:github'
2023-05-31 16:22:05.069 [info] ExtensionService#_doActivateExtension vscode.git-base, startup: true, activationEvent: '*', root cause: vscode.git
2023-05-31 16:22:05.072 [info] ExtensionService#_doActivateExtension oderwat.indent-rainbow, startup: true, activationEvent: '*'
2023-05-31 16:22:08.842 [info] ExtensionService#_doActivateExtension vscode.microsoft-authentication, startup: false, activationEvent: 'onAuthenticationRequest:microsoft'
2023-05-31 16:22:09.088 [info] ExtensionService#_doActivateExtension vscode.git, startup: true, activationEvent: '*'
2023-05-31 16:22:09.088 [info] ExtensionService#_doActivateExtension vscode.github, startup: true, activationEvent: '*'
2023-05-31 16:22:10.251 [info] Eager extensions activated
2023-05-31 16:22:11.600 [info] ExtensionService#_doActivateExtension vscode.debug-auto-launch, startup: false, activationEvent: 'onStartupFinished'
2023-05-31 16:22:11.601 [info] ExtensionService#_doActivateExtension vscode.merge-conflict, startup: false, activationEvent: 'onStartupFinished'
2023-05-31 16:22:11.608 [info] ExtensionService#_doActivateExtension ms-vsliveshare.vsliveshare, startup: false, activationEvent: 'onStartupFinished'
2023-05-31 16:22:12.434 [info] ExtensionService#_doActivateExtension shardulm94.trailing-spaces, startup: false, activationEvent: 'onStartupFinished'
2023-05-31 16:31:57.015 [info] ExtensionService#_doActivateExtension vscode.npm, startup: false, activationEvent: 'onTerminalQuickFixRequest:ms-vscode.npm-command'
2023-05-31 16:44:04.598 [info] ExtensionService#_doActivateExtension vscode.json-language-features, startup: false, activationEvent: 'onLanguage:jsonc'
2023-05-31 16:44:04.599 [info] ExtensionService#_doActivateExtension vscode.typescript-language-features, startup: false, activationEvent: 'onLanguage:jsonc'
2023-05-31 16:44:04.669 [error] No bundle location found for extension vscode.json-language-features
2023-05-31 16:44:04.804 [warning] Using default string since no string found in i18n bundle that has the key: Configure
2023-05-31 16:44:04.804 [warning] Using default string since no string found in i18n bundle that has the key: JSON Language Server
2023-05-31 16:44:04.805 [error] No bundle location found for extension vscode.typescript-language-features
2023-05-31 16:44:04.987 [warning] Using default string since no string found in i18n bundle that has the key: Learn more about managing TypeScript versions
2023-05-31 16:44:05.049 [warning] Using default string since no string found in i18n bundle that has the key: JSON: Schema Resolution Error
2023-05-31 16:44:05.242 [info] Extension host terminating: renderer closed the MessagePort
2023-05-31 16:44:05.320 [info] Extension host with pid 426 exiting with code 0
