2023-05-31 16:44:51.786 [info] Reading sessions from keychain...
2023-05-31 16:44:51.786 [info] Getting sessions for all scopes...
2023-05-31 16:44:51.786 [info] Getting sessions for user:email...
2023-05-31 16:44:51.786 [info] Got 0 sessions for ...
2023-05-31 16:44:51.786 [info] Got 0 sessions for user:email...
2023-05-31 16:44:54.016 [info] Getting sessions for all scopes...
2023-05-31 16:44:54.016 [info] Got 0 sessions for ...
2023-05-31 16:44:55.045 [info] Getting sessions for all scopes...
2023-05-31 16:44:55.056 [info] Got 0 sessions for ...
2023-05-31 16:44:56.205 [info] Getting sessions for read:user,repo,user:email,workflow...
2023-05-31 16:44:56.205 [info] Got 0 sessions for read:user,repo,user:email,workflow...
2023-05-31 17:28:11.168 [info] Reading sessions from keychain...
2023-05-31 17:28:11.168 [info] Getting sessions for all scopes...
2023-05-31 17:28:11.168 [info] Getting sessions for user:email...
2023-05-31 17:28:11.168 [info] Got 0 sessions for ...
2023-05-31 17:28:11.168 [info] Got 0 sessions for user:email...
2023-05-31 17:28:11.169 [info] Getting sessions for all scopes...
2023-05-31 17:28:11.169 [info] Got 0 sessions for ...
2023-05-31 17:28:12.462 [info] Getting sessions for all scopes...
2023-05-31 17:28:12.462 [info] Got 0 sessions for ...
2023-05-31 17:28:12.506 [info] Getting sessions for read:user,repo,user:email,workflow...
2023-05-31 17:28:12.506 [info] Got 0 sessions for read:user,repo,user:email,workflow...
