2023-05-28 20:42:04.440 [info] Added views:workbench.panel.markers.view in workbench.panel.markers
2023-05-28 20:42:04.440 [info] Added views:workbench.panel.output in workbench.panel.output
2023-05-28 20:42:04.440 [info] Added views:terminal in terminal
2023-05-28 20:42:04.440 [info] Added views:outline in workbench.view.explorer
2023-05-28 20:42:04.440 [info] Added views:workbench.scm in workbench.view.scm
2023-05-28 20:42:04.440 [info] Added views:workbench.view.search in workbench.view.search
2023-05-28 20:42:04.440 [info] Added views:timeline in workbench.view.explorer
2023-05-28 20:42:04.440 [info] Added views:workbench.explorer.emptyView in workbench.view.explorer
2023-05-28 20:42:06.109 [info] Added views:workbench.debug.variablesView,workbench.debug.watchExpressionsView,workbench.debug.callStackView,workbench.debug.breakPointsView in workbench.view.debug
2023-05-28 20:42:10.632 [info] Added views:workbench.panel.repl.view in workbench.panel.repl
2023-05-28 20:42:10.632 [info] Removed views:workbench.debug.breakPointsView,workbench.debug.callStackView,workbench.debug.watchExpressionsView,workbench.debug.variablesView from workbench.view.debug
2023-05-28 20:42:10.637 [info] Added views:workbench.debug.welcome in workbench.view.debug
2023-05-28 20:53:38.943 [info] Added views:workbench.views.extensions.installed,workbench.views.extensions.popular,extensions.recommendedList in workbench.view.extensions
2023-05-28 20:53:38.944 [info] Removed views:workbench.views.extensions.popular from workbench.view.extensions
2023-05-28 20:53:39.970 [info] Added views:workbench.views.extensions.popular in workbench.view.extensions
2023-05-28 20:54:34.714 [info] Removed views:extensions.recommendedList,workbench.views.extensions.popular,workbench.views.extensions.installed from workbench.view.extensions
2023-05-28 20:54:34.744 [info] Added views:workbench.views.extensions.marketplace in workbench.view.extensions
2023-05-28 20:55:13.260 [info] Removed views:workbench.views.extensions.marketplace from workbench.view.extensions
2023-05-28 20:55:13.307 [info] Added views:workbench.views.extensions.installed,workbench.views.extensions.popular,extensions.recommendedList in workbench.view.extensions
2023-05-28 20:55:15.902 [info] Removed views:extensions.recommendedList,workbench.views.extensions.popular,workbench.views.extensions.installed from workbench.view.extensions
2023-05-28 20:55:15.968 [info] Added views:workbench.views.extensions.marketplace in workbench.view.extensions
2023-05-28 20:55:55.651 [info] Removed views:workbench.views.extensions.marketplace from workbench.view.extensions
2023-05-28 20:55:55.700 [info] Added views:workbench.views.extensions.installed,workbench.views.extensions.popular,extensions.recommendedList in workbench.view.extensions
2023-05-28 20:55:56.937 [info] Removed views:extensions.recommendedList,workbench.views.extensions.popular,workbench.views.extensions.installed from workbench.view.extensions
2023-05-28 20:55:56.977 [info] Added views:workbench.views.extensions.marketplace in workbench.view.extensions
2023-05-28 20:56:39.677 [info] Added views:liveshare.session in workbench.view.extension.liveshare
