2023-06-30 15:50:11.087 [info] ログ レベル: Info
2023-06-30 15:50:11.087 [info] Git の検証が検出されました: "git"
2023-06-30 15:50:11.087 [info] "git" から Git "2.39.2" を使用しています
2023-06-30 15:50:11.087 [info] > git rev-parse --show-toplevel [46ms]
2023-06-30 15:50:11.087 [info] > git rev-parse --git-dir --git-common-dir [16ms]
2023-06-30 15:50:11.087 [info] Open repository: /home/chachahime0729
2023-06-30 15:50:11.113 [info] > git rev-parse --show-toplevel [90ms]
2023-06-30 15:50:11.667 [info] > git rev-parse --show-toplevel [536ms]
2023-06-30 15:50:11.702 [info] > git config --get commit.template [585ms]
2023-06-30 15:50:11.758 [info] > git rev-parse --show-toplevel [61ms]
2023-06-30 15:50:11.819 [info] > git rev-parse --show-toplevel [37ms]
2023-06-30 15:50:11.877 [info] > git rev-parse --show-toplevel [23ms]
2023-06-30 15:50:11.913 [info] > git for-each-ref --format=%(refname)%00%(upstream:short)%00%(objectname)%00%(upstream:track)%00%(upstream:remotename)%00%(upstream:remoteref) refs/heads/master refs/remotes/master [96ms]
2023-06-30 15:50:12.063 [info] > git rev-parse --show-toplevel [158ms]
2023-06-30 15:50:12.102 [info] > git rev-parse --show-toplevel [19ms]
2023-06-30 15:50:12.122 [info] > git rev-parse --show-toplevel [1ms]
2023-06-30 15:50:12.190 [info] > git rev-parse --show-toplevel [32ms]
2023-06-30 15:50:12.308 [info] > git rev-parse --show-toplevel [97ms]
2023-06-30 15:50:12.436 [info] > git rev-parse --git-dir --git-common-dir [45ms]
2023-06-30 15:50:12.453 [info] Open repository: /home/chachahime0729/LayoutParts-Part1
2023-06-30 15:50:12.688 [info] > git rev-parse --show-toplevel [34ms]
2023-06-30 15:50:12.757 [info] > git rev-parse --show-toplevel [37ms]
2023-06-30 15:50:12.811 [info] > git config --get commit.template [123ms]
2023-06-30 15:50:12.818 [info] > git rev-parse --show-toplevel [9ms]
2023-06-30 15:50:13.050 [info] > git check-ignore -v -z --stdin [791ms]
2023-06-30 15:50:13.069 [info] > git rev-parse --show-toplevel [215ms]
2023-06-30 15:50:13.128 [info] > git for-each-ref --format=%(refname)%00%(upstream:short)%00%(objectname)%00%(upstream:track)%00%(upstream:remotename)%00%(upstream:remoteref) refs/heads/master refs/remotes/master [119ms]
2023-06-30 15:50:13.214 [info] > git rev-parse --show-toplevel [121ms]
2023-06-30 15:50:13.319 [info] > git status -z -uall [112ms]
2023-06-30 15:50:13.655 [info] > git config --get commit.template [97ms]
2023-06-30 15:50:13.808 [info] > git for-each-ref --format=%(refname)%00%(upstream:short)%00%(objectname)%00%(upstream:track)%00%(upstream:remotename)%00%(upstream:remoteref) refs/heads/master refs/remotes/master [79ms]
2023-06-30 15:50:13.843 [info] > git status -z -uall [17ms]
2023-06-30 15:50:14.183 [info] > git check-ignore -v -z --stdin [60ms]
2023-06-30 15:50:14.509 [info] > git check-ignore -v -z --stdin [398ms]
2023-06-30 15:50:16.278 [info] > git check-ignore -v -z --stdin [294ms]
2023-06-30 15:50:21.538 [info] > git check-ignore -v -z --stdin [145ms]
2023-06-30 15:50:24.421 [info] > git check-ignore -v -z --stdin [82ms]
2023-06-30 15:51:04.933 [info] > git check-ignore -v -z --stdin [136ms]
2023-06-30 15:51:05.756 [info] > git status -z -uall [53812ms] (cancelled)
2023-06-30 15:51:30.252 [info] > git check-ignore -v -z --stdin [19ms]
2023-06-30 15:51:41.863 [info] > git config --get commit.template [13ms]
2023-06-30 15:51:41.932 [info] > git for-each-ref --format=%(refname)%00%(upstream:short)%00%(objectname)%00%(upstream:track)%00%(upstream:remotename)%00%(upstream:remoteref) refs/heads/master refs/remotes/master [35ms]
2023-06-30 15:51:51.804 [info] > git status -z -uall [9865ms] (cancelled)
2023-06-30 15:55:21.326 [info] > git check-ignore -v -z --stdin [42ms]
2023-06-30 15:55:24.389 [info] > git check-ignore -v -z --stdin [5ms]
2023-06-30 15:55:26.828 [info] > git check-ignore -v -z --stdin [25ms]
2023-06-30 15:55:28.748 [info] > git check-ignore -v -z --stdin [6ms]
2023-06-30 15:55:31.655 [info] > git show --textconv :q5/q5/index.html [17ms]
2023-06-30 15:55:31.656 [info] > git ls-files --stage -- /home/chachahime0729/LayoutParts-Part1/q5/q5/index.html [2ms]
2023-06-30 15:55:31.718 [info] > git cat-file -s d587978bc5393bd1981131d53d3f10a1e80d18c3 [46ms]
2023-06-30 15:55:33.580 [info] > git check-ignore -v -z --stdin [1ms]
2023-06-30 15:55:36.021 [info] > git show --textconv :q5/q5/css/style.css [47ms]
2023-06-30 15:55:36.022 [info] > git ls-files --stage -- /home/chachahime0729/LayoutParts-Part1/q5/q5/css/style.css [12ms]
2023-06-30 15:55:36.043 [info] > git cat-file -s 9f44090c94a7945c3adbf850da3290c85a60a0ab [3ms]
2023-06-30 15:55:38.276 [info] > git show --textconv :q5/q5/index.html [16ms]
2023-06-30 15:55:38.276 [info] > git ls-files --stage -- /home/chachahime0729/LayoutParts-Part1/q5/q5/index.html [2ms]
2023-06-30 15:55:38.284 [info] > git cat-file -s d587978bc5393bd1981131d53d3f10a1e80d18c3 [2ms]
2023-06-30 15:55:43.232 [info] > git show --textconv :q5/q5/css/style.css [13ms]
2023-06-30 15:55:43.232 [info] > git ls-files --stage -- /home/chachahime0729/LayoutParts-Part1/q5/q5/css/style.css [1ms]
2023-06-30 15:55:43.246 [info] > git cat-file -s 9f44090c94a7945c3adbf850da3290c85a60a0ab [6ms]
2023-06-30 15:55:45.204 [info] > git ls-files --stage -- /home/chachahime0729/LayoutParts-Part1/q5/q5/index.html [2ms]
2023-06-30 15:55:45.217 [info] > git show --textconv :q5/q5/index.html [30ms]
2023-06-30 15:55:45.238 [info] > git cat-file -s d587978bc5393bd1981131d53d3f10a1e80d18c3 [21ms]
2023-06-30 15:55:47.126 [info] > git show --textconv :q5/q5/css/style.css [9ms]
2023-06-30 15:55:47.129 [info] > git ls-files --stage -- /home/chachahime0729/LayoutParts-Part1/q5/q5/css/style.css [4ms]
2023-06-30 15:55:47.138 [info] > git cat-file -s 9f44090c94a7945c3adbf850da3290c85a60a0ab [3ms]
2023-06-30 15:56:12.036 [info] > git config --get commit.template [6ms]
2023-06-30 15:56:12.055 [info] > git for-each-ref --format=%(refname)%00%(upstream:short)%00%(objectname)%00%(upstream:track)%00%(upstream:remotename)%00%(upstream:remoteref) refs/heads/master refs/remotes/master [6ms]
2023-06-30 15:56:12.070 [info] > git status -z -uall [2ms]
2023-06-30 15:59:15.486 [info] > git check-ignore -v -z --stdin [117ms]
2023-06-30 16:00:28.403 [info] > git show --textconv :css/3-8 [25ms]
2023-06-30 16:00:28.408 [info] > git ls-files --stage -- /home/chachahime0729/css/3-8 [6ms]
2023-06-30 16:00:28.693 [info] > git check-ignore -v -z --stdin [94ms]
2023-06-30 16:00:55.750 [info] > git show --textconv :css/3-8課題.html [33ms]
2023-06-30 16:00:55.762 [info] > git ls-files --stage -- /home/chachahime0729/css/3-8課題.html [15ms]
2023-06-30 16:00:55.964 [info] > git check-ignore -v -z --stdin [18ms]
2023-06-30 16:01:30.526 [info] > git ls-files --stage -- /home/chachahime0729/css/3-8課題.css [22ms]
2023-06-30 16:01:30.535 [info] > git show --textconv :css/3-8課題.css [44ms]
2023-06-30 16:01:30.727 [info] > git check-ignore -v -z --stdin [31ms]
2023-06-30 17:23:27.429 [info] > git show --textconv :css/3-6課題.html [49ms]
2023-06-30 17:23:27.433 [info] > git ls-files --stage -- /home/chachahime0729/css/3-6課題.html [39ms]
2023-06-30 17:23:27.446 [info] > git cat-file -s d56275e8cace3a1e258b5b1ff2fbbb13c4332707 [2ms]
2023-06-30 17:23:35.893 [info] > git show --textconv :css/3-7課題.css [65ms]
2023-06-30 17:23:35.905 [info] > git ls-files --stage -- /home/chachahime0729/css/3-7課題.css [32ms]
2023-06-30 17:23:35.916 [info] > git cat-file -s 0a9e0db752e1d8078f891d41f1a3ce6b777de43e [3ms]
2023-06-30 17:23:39.406 [info] > git show --textconv :css/3-7課題.html [50ms]
2023-06-30 17:23:39.412 [info] > git ls-files --stage -- /home/chachahime0729/css/3-7課題.html [40ms]
2023-06-30 17:23:39.444 [info] > git cat-file -s c7fc4d8e7ffd2080e8ef86ca5e9e512d5c3ac110 [18ms]
2023-06-30 17:42:03.664 [info] > git show --textconv :css/3-7課題.css [75ms]
2023-06-30 17:42:03.678 [info] > git ls-files --stage -- /home/chachahime0729/css/3-7課題.css [27ms]
2023-06-30 17:42:03.687 [info] > git cat-file -s 0a9e0db752e1d8078f891d41f1a3ce6b777de43e [1ms]
2023-06-30 17:45:47.895 [info] > git show --textconv :q5/q5/css/style.css [62ms]
2023-06-30 17:45:47.897 [info] > git ls-files --stage -- /home/chachahime0729/LayoutParts-Part1/q5/q5/css/style.css [23ms]
2023-06-30 17:45:47.918 [info] > git cat-file -s 9f44090c94a7945c3adbf850da3290c85a60a0ab [2ms]
2023-06-30 18:28:47.416 [info] > git show --textconv :q5/q5/css/style.css [17ms]
2023-06-30 18:28:47.417 [info] > git ls-files --stage -- /home/chachahime0729/LayoutParts-Part1/q5/q5/css/style.css [4ms]
2023-06-30 18:28:47.433 [info] > git cat-file -s 9f44090c94a7945c3adbf850da3290c85a60a0ab [8ms]
2023-06-30 23:10:47.901 [info] > git show --textconv :q5/q5/css/style.css [37ms]
2023-06-30 23:10:47.910 [info] > git ls-files --stage -- /home/chachahime0729/LayoutParts-Part1/q5/q5/css/style.css [10ms]
2023-06-30 23:10:47.919 [info] > git cat-file -s 9f44090c94a7945c3adbf850da3290c85a60a0ab [2ms]
2023-07-02 12:47:55.510 [info] > git ls-files --stage -- /home/chachahime0729/css/3-8課題.html [15ms]
2023-07-02 12:47:55.528 [info] > git show --textconv :css/3-8課題.html [61ms]
2023-07-02 23:48:56.514 [info] > git show --textconv :css/CSS1.html [70ms]
2023-07-02 23:48:56.515 [info] > git ls-files --stage -- /home/chachahime0729/css/CSS1.html [45ms]
2023-07-02 23:48:56.525 [info] > git cat-file -s fdff039069ba017fbfee4f4115bf57bf4e0953c1 [4ms]
2023-07-03 01:01:08.361 [info] > git check-ignore -v -z --stdin [47ms]
2023-07-03 01:03:24.888 [info] > git show --textconv :css/3-8課題2.css [45ms]
2023-07-03 01:03:24.906 [info] > git ls-files --stage -- /home/chachahime0729/css/3-8課題2.css [41ms]
2023-07-03 01:03:25.090 [info] > git check-ignore -v -z --stdin [52ms]
2023-07-03 01:03:32.540 [info] > git ls-files --stage -- /home/chachahime0729/css/3-8課題1.css [19ms]
2023-07-03 01:03:32.545 [info] > git show --textconv :css/3-8課題1.css [58ms]
2023-07-03 11:27:34.143 [info] > git ls-files --stage -- /home/chachahime0729/css/3-8課題.html [38ms]
2023-07-03 11:27:34.167 [info] > git ls-files --stage -- /home/chachahime0729/css/3-8課題1.css [35ms]
2023-07-03 11:27:34.182 [info] > git show --textconv :css/3-8課題.html [18ms]
2023-07-03 11:27:34.196 [info] > git show --textconv :css/3-8課題1.css [14ms]
2023-07-03 11:28:42.136 [info] > git show --textconv :css/reset.css [42ms]
2023-07-03 11:28:42.144 [info] > git ls-files --stage -- /home/chachahime0729/css/reset.css [25ms]
2023-07-03 11:28:42.152 [info] > git cat-file -s 9792c13e82ff612890a27726cde81c6227df1cbf [2ms]
2023-07-03 11:29:03.974 [info] > git show --textconv :css/3-8課題2.css [47ms]
2023-07-03 11:29:03.991 [info] > git ls-files --stage -- /home/chachahime0729/css/3-8課題2.css [36ms]
2023-07-03 11:29:18.594 [info] > git show --textconv :css/3-8課題.html [29ms]
2023-07-03 11:29:18.615 [info] > git ls-files --stage -- /home/chachahime0729/css/3-8課題.html [34ms]
2023-07-03 11:29:28.100 [info] > git ls-files --stage -- /home/chachahime0729/css/3-8課題1.css [24ms]
2023-07-03 11:29:28.105 [info] > git show --textconv :css/3-8課題1.css [37ms]
2023-07-03 11:29:37.301 [info] > git show --textconv :css/3-8課題.css [30ms]
2023-07-03 11:29:37.327 [info] > git ls-files --stage -- /home/chachahime0729/css/3-8課題.css [28ms]
2023-07-03 11:30:47.570 [info] > git config --get commit.template [27ms]
2023-07-03 11:30:47.584 [info] > git for-each-ref --format=%(refname)%00%(upstream:short)%00%(objectname)%00%(upstream:track)%00%(upstream:remotename)%00%(upstream:remoteref) refs/heads/master refs/remotes/master [20ms]
2023-07-03 11:30:47.624 [info] > git status -z -uall [18ms]
2023-07-03 11:30:51.902 [info] > git check-ignore -v -z --stdin [4ms]
2023-07-03 11:30:52.710 [info] > git config --get commit.template [1ms]
2023-07-03 11:30:52.721 [info] > git for-each-ref --format=%(refname)%00%(upstream:short)%00%(objectname)%00%(upstream:track)%00%(upstream:remotename)%00%(upstream:remoteref) refs/heads/master refs/remotes/master [1ms]
2023-07-03 11:30:52.733 [info] > git status -z -uall [1ms]
2023-07-03 11:31:28.148 [info] > git config --get commit.template [9ms]
2023-07-03 11:31:28.149 [info] > git for-each-ref --format=%(refname)%00%(upstream:short)%00%(objectname)%00%(upstream:track)%00%(upstream:remotename)%00%(upstream:remoteref) refs/heads/master refs/remotes/master [2ms]
2023-07-03 11:31:28.171 [info] > git status -z -uall [11ms]
