2023-05-31 16:44:42.064 [info] Added views:workbench.panel.markers.view in workbench.panel.markers
2023-05-31 16:44:42.064 [info] Added views:workbench.panel.output in workbench.panel.output
2023-05-31 16:44:42.064 [info] Added views:terminal in terminal
2023-05-31 16:44:42.064 [info] Added views:outline in workbench.view.explorer
2023-05-31 16:44:42.064 [info] Added views:workbench.scm in workbench.view.scm
2023-05-31 16:44:42.064 [info] Added views:workbench.view.search in workbench.view.search
2023-05-31 16:44:42.064 [info] Added views:timeline in workbench.view.explorer
2023-05-31 16:44:42.064 [info] Added views:workbench.explorer.emptyView in workbench.view.explorer
2023-05-31 16:44:42.739 [info] Added views:workbench.debug.welcome in workbench.view.debug
2023-05-31 16:44:50.670 [info] Added views:workbench.panel.repl.view in workbench.panel.repl
2023-05-31 16:44:55.352 [info] Added views:liveshare.session in workbench.view.extension.liveshare
2023-05-31 17:28:04.982 [info] Added views:workbench.panel.markers.view in workbench.panel.markers
2023-05-31 17:28:04.982 [info] Added views:workbench.panel.output in workbench.panel.output
2023-05-31 17:28:04.982 [info] Added views:terminal in terminal
2023-05-31 17:28:04.982 [info] Added views:outline in workbench.view.explorer
2023-05-31 17:28:04.982 [info] Added views:workbench.scm in workbench.view.scm
2023-05-31 17:28:04.982 [info] Added views:workbench.view.search in workbench.view.search
2023-05-31 17:28:04.982 [info] Added views:timeline in workbench.view.explorer
2023-05-31 17:28:04.982 [info] Added views:workbench.explorer.fileView in workbench.view.explorer
2023-05-31 17:28:06.702 [info] Added views:workbench.debug.variablesView,workbench.debug.watchExpressionsView,workbench.debug.callStackView,workbench.debug.breakPointsView in workbench.view.debug
2023-05-31 17:28:06.947 [info] Added views:workbench.panel.repl.view in workbench.panel.repl
2023-05-31 17:28:06.953 [info] Removed views:workbench.debug.breakPointsView,workbench.debug.callStackView,workbench.debug.watchExpressionsView,workbench.debug.variablesView from workbench.view.debug
2023-05-31 17:28:06.958 [info] Added views:workbench.debug.welcome in workbench.view.debug
2023-05-31 17:28:12.416 [info] Added views:liveshare.session in workbench.view.extension.liveshare
