2023-06-29 00:09:09.848 [info] ログ レベル: Info
2023-06-29 00:09:09.848 [info] Git の検証が検出されました: "git"
2023-06-29 00:09:09.848 [info] "git" から Git "2.39.2" を使用しています
2023-06-29 00:09:09.848 [info] > git rev-parse --show-toplevel [79ms]
2023-06-29 00:09:09.848 [info] > git rev-parse --git-dir --git-common-dir [30ms]
2023-06-29 00:09:09.848 [info] Open repository: /home/chachahime0729
2023-06-29 00:09:09.848 [info] > git config --get commit.template [192ms]
2023-06-29 00:09:09.848 [info] > git rev-parse --show-toplevel [227ms]
2023-06-29 00:09:09.848 [info] > git rev-parse --show-toplevel [31ms]
2023-06-29 00:09:09.849 [info] > git for-each-ref --format=%(refname)%00%(upstream:short)%00%(objectname)%00%(upstream:track)%00%(upstream:remotename)%00%(upstream:remoteref) refs/heads/master refs/remotes/master [5ms]
2023-06-29 00:09:09.856 [info] > git rev-parse --show-toplevel [20ms]
2023-06-29 00:09:09.874 [info] > git rev-parse --show-toplevel [11ms]
2023-06-29 00:09:09.911 [info] > git rev-parse --show-toplevel [2ms]
2023-06-29 00:09:09.918 [info] > git rev-parse --show-toplevel [1ms]
2023-06-29 00:09:10.005 [info] > git rev-parse --show-toplevel [56ms]
2023-06-29 00:09:10.044 [info] > git rev-parse --show-toplevel [0ms]
2023-06-29 00:09:10.083 [info] > git rev-parse --show-toplevel [22ms]
2023-06-29 00:09:10.163 [info] > git rev-parse --show-toplevel [7ms]
2023-06-29 00:09:10.252 [info] > git rev-parse --git-dir --git-common-dir [2ms]
2023-06-29 00:09:10.304 [info] Open repository: /home/chachahime0729/LayoutParts-Part1
2023-06-29 00:09:11.020 [info] > git rev-parse --show-toplevel [661ms]
2023-06-29 00:09:11.109 [info] > git rev-parse --show-toplevel [54ms]
2023-06-29 00:09:11.134 [info] > git config --get commit.template [197ms]
2023-06-29 00:09:11.135 [info] > git check-ignore -v -z --stdin [319ms]
2023-06-29 00:09:11.145 [info] > git rev-parse --show-toplevel [16ms]
2023-06-29 00:09:11.222 [info] > git rev-parse --show-toplevel [56ms]
2023-06-29 00:09:11.252 [info] > git for-each-ref --format=%(refname)%00%(upstream:short)%00%(objectname)%00%(upstream:track)%00%(upstream:remotename)%00%(upstream:remoteref) refs/heads/master refs/remotes/master [38ms]
2023-06-29 00:09:11.285 [info] > git status -z -uall [17ms]
2023-06-29 00:09:11.315 [info] > git config --get commit.template [1ms]
2023-06-29 00:09:11.343 [info] > git for-each-ref --format=%(refname)%00%(upstream:short)%00%(objectname)%00%(upstream:track)%00%(upstream:remotename)%00%(upstream:remoteref) refs/heads/master refs/remotes/master [5ms]
2023-06-29 00:09:11.384 [info] > git status -z -uall [21ms]
2023-06-29 00:09:11.587 [info] > git check-ignore -v -z --stdin [3ms]
2023-06-29 00:09:11.784 [info] > git check-ignore -v -z --stdin [215ms]
2023-06-29 00:09:34.667 [info] > git status -z -uall [24812ms] (cancelled)
2023-06-29 00:09:48.791 [info] > git config --get commit.template [6ms]
2023-06-29 00:09:48.845 [info] > git for-each-ref --format=%(refname)%00%(upstream:short)%00%(objectname)%00%(upstream:track)%00%(upstream:remotename)%00%(upstream:remoteref) refs/heads/master refs/remotes/master [5ms]
2023-06-29 00:09:58.628 [info] > git status -z -uall [9757ms] (cancelled)
2023-06-29 00:38:56.199 [info] > git check-ignore -v -z --stdin [35ms]
2023-06-29 00:39:22.731 [info] > git check-ignore -v -z --stdin [115ms]
2023-06-29 00:44:53.626 [info] > git check-ignore -v -z --stdin [67ms]
2023-06-29 00:45:03.184 [info] > git check-ignore -v -z --stdin [17ms]
2023-06-29 00:51:45.681 [info] > git check-ignore -v -z --stdin [53ms]
2023-06-29 01:25:17.526 [info] > git check-ignore -v -z --stdin [80ms]
2023-06-29 01:25:55.496 [info] > git check-ignore -v -z --stdin [33ms]
2023-06-29 01:31:05.254 [info] > git check-ignore -v -z --stdin [25ms]
2023-06-29 01:31:05.588 [info] > git show --textconv :ventoy-1.0.93/WebUI/index.html [61ms]
2023-06-29 01:31:05.599 [info] > git ls-files --stage -- /home/chachahime0729/ventoy-1.0.93/WebUI/index.html [50ms]
2023-06-29 01:31:06.415 [info] > git check-ignore -v -z --stdin [32ms]
