2023-06-28 19:01:24.817 [info] ログ レベル: Info
2023-06-28 19:01:24.817 [info] Git の検証が検出されました: "git"
2023-06-28 19:01:24.817 [info] "git" から Git "2.39.2" を使用しています
2023-06-28 19:01:24.817 [info] > git rev-parse --show-toplevel [27ms]
2023-06-28 19:01:24.817 [info] > git rev-parse --git-dir --git-common-dir [5ms]
2023-06-28 19:01:24.817 [info] Open repository: /home/chachahime0729
2023-06-28 19:01:24.817 [info] > git rev-parse --show-toplevel [36ms]
2023-06-28 19:01:24.817 [info] > git config --get commit.template [27ms]
2023-06-28 19:01:24.817 [info] > git rev-parse --show-toplevel [37ms]
2023-06-28 19:01:24.817 [info] > git rev-parse --show-toplevel [33ms]
2023-06-28 19:01:24.817 [info] > git rev-parse --show-toplevel [22ms]
2023-06-28 19:01:24.817 [info] > git for-each-ref --format=%(refname)%00%(upstream:short)%00%(objectname)%00%(upstream:track)%00%(upstream:remotename)%00%(upstream:remoteref) refs/heads/master refs/remotes/master [93ms]
2023-06-28 19:01:24.817 [info] > git rev-parse --show-toplevel [201ms]
2023-06-28 19:01:24.817 [info] > git rev-parse --show-toplevel [64ms]
2023-06-28 19:01:24.817 [info] > git rev-parse --show-toplevel [49ms]
2023-06-28 19:01:24.817 [info] > git rev-parse --show-toplevel [45ms]
2023-06-28 19:01:24.817 [info] > git rev-parse --show-toplevel [11ms]
2023-06-28 19:01:24.817 [info] > git rev-parse --show-toplevel [7ms]
2023-06-28 19:01:24.817 [info] > git rev-parse --git-dir --git-common-dir [3ms]
2023-06-28 19:01:24.817 [info] Open repository: /home/chachahime0729/LayoutParts-Part1
2023-06-28 19:01:24.818 [info] > git rev-parse --show-toplevel [27ms]
2023-06-28 19:01:24.818 [info] > git rev-parse --show-toplevel [43ms]
2023-06-28 19:01:24.818 [info] > git config --get commit.template [156ms]
2023-06-28 19:01:24.818 [info] > git for-each-ref --format=%(refname)%00%(upstream:short)%00%(objectname)%00%(upstream:track)%00%(upstream:remotename)%00%(upstream:remoteref) refs/heads/master refs/remotes/master [20ms]
2023-06-28 19:01:24.818 [info] > git rev-parse --show-toplevel [178ms]
2023-06-28 19:01:24.818 [info] > git rev-parse --show-toplevel [21ms]
2023-06-28 19:01:24.818 [info] > git status -z -uall [123ms]
2023-06-28 19:01:24.845 [info] > git check-ignore -v -z --stdin [384ms]
2023-06-28 19:01:24.846 [info] > git rev-parse --show-toplevel [87ms]
2023-06-28 19:01:24.867 [info] > git config --get commit.template [23ms]
2023-06-28 19:01:24.956 [info] > git for-each-ref --format=%(refname)%00%(upstream:short)%00%(objectname)%00%(upstream:track)%00%(upstream:remotename)%00%(upstream:remoteref) refs/heads/master refs/remotes/master [44ms]
2023-06-28 19:01:24.965 [info] > git status -z -uall [5ms]
2023-06-28 19:01:25.172 [info] > git check-ignore -v -z --stdin [23ms]
2023-06-28 19:01:25.377 [info] > git check-ignore -v -z --stdin [268ms]
2023-06-28 19:01:36.098 [info] > git status -z -uall [12510ms] (cancelled)
2023-06-28 19:24:08.580 [info] > git check-ignore -v -z --stdin [50ms]
2023-06-28 19:24:13.253 [info] > git check-ignore -v -z --stdin [59ms]
2023-06-28 19:24:17.737 [info] > git ls-files --stage -- /home/chachahime0729/ventoy-1.0.93/WebUI/index.html [61ms]
2023-06-28 19:24:17.903 [info] > git show --textconv :ventoy-1.0.93/WebUI/index.html [235ms]
2023-06-28 19:25:56.451 [info] > git check-ignore -v -z --stdin [62ms]
2023-06-28 22:33:13.616 [info] > git ls-files --stage -- /home/chachahime0729/.bash_history [54ms]
2023-06-28 22:33:13.659 [info] > git cat-file -s bd63b7fff14d2fe5c60236db8322af030e4ddfd2 [37ms]
2023-06-28 22:33:13.671 [info] > git show --textconv :.bash_history [123ms]
