2023-06-29 00:09:06.134 [info] Extension host with pid 8355 started
2023-06-29 00:09:06.134 [info] Skipping acquiring lock for /home/chachahime0729/.config/Code/User/workspaceStorage/bafe75f4be7cb21d563875e8a0772bd2.
2023-06-29 00:09:06.622 [info] ExtensionService#_doActivateExtension vscode.git-base, startup: true, activationEvent: '*', root cause: vscode.git
2023-06-29 00:09:06.623 [info] ExtensionService#_doActivateExtension oderwat.indent-rainbow, startup: true, activationEvent: '*'
2023-06-29 00:09:07.425 [info] ExtensionService#_doActivateExtension aaravb.chrome-extension-developer-tools, startup: true, activationEvent: 'workspaceContains:**/manifest.json'
2023-06-29 00:09:07.665 [info] ExtensionService#_doActivateExtension vscode.emmet, startup: false, activationEvent: 'onLanguage'
2023-06-29 00:09:08.024 [info] ExtensionService#_doActivateExtension vscode.git, startup: true, activationEvent: '*'
2023-06-29 00:09:08.025 [info] ExtensionService#_doActivateExtension vscode.github, startup: true, activationEvent: '*'
2023-06-29 00:09:09.404 [info] Eager extensions activated
2023-06-29 00:09:09.604 [info] ExtensionService#_doActivateExtension vscode.debug-auto-launch, startup: false, activationEvent: 'onStartupFinished'
2023-06-29 00:09:09.604 [info] ExtensionService#_doActivateExtension vscode.merge-conflict, startup: false, activationEvent: 'onStartupFinished'
2023-06-29 00:09:09.605 [info] ExtensionService#_doActivateExtension shardulm94.trailing-spaces, startup: false, activationEvent: 'onStartupFinished'
2023-06-29 00:09:09.787 [info] ExtensionService#_doActivateExtension vscode.github-authentication, startup: false, activationEvent: 'onAuthenticationRequest:github'
2023-06-29 00:09:11.250 [info] ExtensionService#_doActivateExtension vscode.microsoft-authentication, startup: false, activationEvent: 'onAuthenticationRequest:microsoft'
2023-06-29 00:09:34.666 [warning] Using default string since no string found in i18n bundle that has the key: Don't Show Again
2023-06-29 00:09:47.455 [warning] [Decorations] CAPPING events from decorations provider vscode.git 10169
2023-06-29 00:09:56.543 [warning] [Decorations] CAPPING events from decorations provider vscode.git 10169
2023-06-29 00:18:49.789 [info] ExtensionService#_doActivateExtension vscode.json-language-features, startup: false, activationEvent: 'onLanguage:jsonc'
2023-06-29 00:18:49.791 [info] ExtensionService#_doActivateExtension vscode.typescript-language-features, startup: false, activationEvent: 'onLanguage:jsonc'
2023-06-29 00:25:45.668 [info] ExtensionService#_doActivateExtension vscode.npm, startup: false, activationEvent: 'onTerminalQuickFixRequest:ms-vscode.npm-command'
2023-06-29 00:53:22.651 [info] ExtensionService#_doActivateExtension vscode.simple-browser, startup: false, activationEvent: 'onOpenExternalUri:https'
2023-06-29 01:31:05.038 [info] ExtensionService#_doActivateExtension vscode.html-language-features, startup: false, activationEvent: 'onLanguage:html'
