2023-05-31 16:44:54.061 [info] ログ レベル: Info
2023-05-31 16:44:54.061 [info] Git の検証が検出されました: "git"
2023-05-31 16:44:54.061 [info] "git" から Git "2.30.2" を使用しています
2023-05-31 17:28:09.326 [info] ログ レベル: Info
2023-05-31 17:28:09.326 [info] Git の検証が検出されました: "git"
2023-05-31 17:28:09.326 [info] "git" から Git "2.30.2" を使用しています
2023-05-31 17:28:09.326 [info] > git rev-parse --show-toplevel [56ms]
2023-05-31 17:28:09.326 [info] > git rev-parse --git-dir --git-common-dir [52ms]
2023-05-31 17:28:09.326 [info] Open repository: /home/chachahime0729
2023-05-31 17:28:09.326 [info] > git rev-parse --show-toplevel [808ms]
2023-05-31 17:28:09.326 [info] > git config --get commit.template [159ms]
2023-05-31 17:28:09.359 [info] No remotes found in the git config file.
2023-05-31 17:28:09.360 [info] > git for-each-ref --format=%(refname)%00%(upstream:short)%00%(objectname)%00%(upstream:track)%00%(upstream:remotename)%00%(upstream:remoteref) refs/heads/master refs/remotes/master [2ms]
2023-05-31 17:28:09.375 [info] > git rev-parse --show-toplevel [82ms]
2023-05-31 17:28:09.424 [info] > git rev-parse --show-toplevel [3ms]
2023-05-31 17:28:09.457 [info] > git rev-parse --show-toplevel [3ms]
2023-05-31 17:28:09.600 [info] > git rev-parse --show-toplevel [20ms]
2023-05-31 17:28:09.706 [info] > git status -z -uall [332ms]
2023-05-31 17:28:09.707 [info] > git rev-parse --show-toplevel [69ms]
2023-05-31 17:28:09.731 [info] > git check-ignore -v -z --stdin [42ms]
2023-05-31 17:28:10.963 [info] > git rev-parse --show-toplevel [1234ms]
2023-05-31 17:28:11.105 [info] > git rev-parse --show-toplevel [136ms]
2023-05-31 17:28:11.146 [info] > git config --get commit.template [189ms]
2023-05-31 17:28:11.156 [info] No remotes found in the git config file.
2023-05-31 17:28:11.157 [info] > git rev-parse --show-toplevel [12ms]
2023-05-31 17:28:11.171 [info] > git for-each-ref --format=%(refname)%00%(upstream:short)%00%(objectname)%00%(upstream:track)%00%(upstream:remotename)%00%(upstream:remoteref) refs/heads/master refs/remotes/master [15ms]
2023-05-31 17:28:11.186 [info] > git rev-parse --show-toplevel [19ms]
2023-05-31 17:28:11.333 [info] > git status -z -uall [149ms]
2023-05-31 17:28:13.908 [info] > git config --get commit.template [4ms]
2023-05-31 17:28:13.912 [info] No remotes found in the git config file.
2023-05-31 17:28:13.932 [info] > git for-each-ref --format=%(refname)%00%(upstream:short)%00%(objectname)%00%(upstream:track)%00%(upstream:remotename)%00%(upstream:remoteref) refs/heads/master refs/remotes/master [2ms]
2023-05-31 17:28:13.996 [info] > git status -z -uall [27ms]
2023-05-31 17:28:19.079 [info] No remotes found in the git config file.
2023-05-31 17:28:19.079 [info] > git config --get commit.template [12ms]
2023-05-31 17:28:19.081 [info] > git for-each-ref --format=%(refname)%00%(upstream:short)%00%(objectname)%00%(upstream:track)%00%(upstream:remotename)%00%(upstream:remoteref) refs/heads/master refs/remotes/master [3ms]
2023-05-31 17:28:19.137 [info] > git status -z -uall [40ms]
2023-05-31 17:28:24.229 [info] > git config --get commit.template [2ms]
2023-05-31 17:28:24.238 [info] No remotes found in the git config file.
2023-05-31 17:28:24.248 [info] > git for-each-ref --format=%(refname)%00%(upstream:short)%00%(objectname)%00%(upstream:track)%00%(upstream:remotename)%00%(upstream:remoteref) refs/heads/master refs/remotes/master [10ms]
2023-05-31 17:28:24.292 [info] > git status -z -uall [32ms]
2023-05-31 17:28:29.377 [info] > git config --get commit.template [1ms]
2023-05-31 17:28:29.395 [info] No remotes found in the git config file.
2023-05-31 17:28:29.403 [info] > git for-each-ref --format=%(refname)%00%(upstream:short)%00%(objectname)%00%(upstream:track)%00%(upstream:remotename)%00%(upstream:remoteref) refs/heads/master refs/remotes/master [9ms]
2023-05-31 17:28:29.492 [info] > git status -z -uall [60ms]
2023-05-31 17:28:34.666 [info] > git config --get commit.template [14ms]
2023-05-31 17:28:34.699 [info] No remotes found in the git config file.
2023-05-31 17:28:34.700 [info] > git for-each-ref --format=%(refname)%00%(upstream:short)%00%(objectname)%00%(upstream:track)%00%(upstream:remotename)%00%(upstream:remoteref) refs/heads/master refs/remotes/master [3ms]
2023-05-31 17:28:34.761 [info] > git status -z -uall [45ms]
2023-05-31 17:28:41.842 [info] No remotes found in the git config file.
2023-05-31 17:28:41.846 [info] > git for-each-ref --format=%(refname)%00%(upstream:short)%00%(objectname)%00%(upstream:track)%00%(upstream:remotename)%00%(upstream:remoteref) refs/heads/master refs/remotes/master [4ms]
2023-05-31 17:28:41.847 [info] > git config --get commit.template [67ms]
2023-05-31 17:28:41.925 [info] > git status -z -uall [47ms]
2023-05-31 17:28:47.024 [info] > git config --get commit.template [1ms]
2023-05-31 17:28:47.037 [info] No remotes found in the git config file.
2023-05-31 17:28:47.038 [info] > git for-each-ref --format=%(refname)%00%(upstream:short)%00%(objectname)%00%(upstream:track)%00%(upstream:remotename)%00%(upstream:remoteref) refs/heads/master refs/remotes/master [1ms]
2023-05-31 17:28:47.092 [info] > git status -z -uall [43ms]
